0 info it worked if it ends with ok
1 verbose cli [ '/usr/bin/node', '/usr/bin/npm', 'restart' ]
2 info using npm@3.5.2
3 info using node@v8.10.0
4 verbose run-script [ 'prerestart',
4 verbose run-script   'prestop',
4 verbose run-script   'stop',
4 verbose run-script   'poststop',
4 verbose run-script   'restart',
4 verbose run-script   'prestart',
4 verbose run-script   'start',
4 verbose run-script   'poststart',
4 verbose run-script   'postrestart' ]
5 info lifecycle wss-api@1.0.0~prerestart: wss-api@1.0.0
6 silly lifecycle wss-api@1.0.0~prerestart: no script for prerestart, continuing
7 info lifecycle wss-api@1.0.0~prestop: wss-api@1.0.0
8 silly lifecycle wss-api@1.0.0~prestop: no script for prestop, continuing
9 info lifecycle wss-api@1.0.0~stop: wss-api@1.0.0
10 silly lifecycle wss-api@1.0.0~stop: no script for stop, continuing
11 info lifecycle wss-api@1.0.0~poststop: wss-api@1.0.0
12 silly lifecycle wss-api@1.0.0~poststop: no script for poststop, continuing
13 info lifecycle wss-api@1.0.0~restart: wss-api@1.0.0
14 silly lifecycle wss-api@1.0.0~restart: no script for restart, continuing
15 info lifecycle wss-api@1.0.0~prestart: wss-api@1.0.0
16 silly lifecycle wss-api@1.0.0~prestart: no script for prestart, continuing
17 info lifecycle wss-api@1.0.0~start: wss-api@1.0.0
18 verbose lifecycle wss-api@1.0.0~start: unsafe-perm in lifecycle true
19 verbose lifecycle wss-api@1.0.0~start: PATH: /usr/share/npm/bin/node-gyp-bin:/var/www/wss-api/node_modules/.bin:/home/ubuntu/.local/bin:/usr/local/sbin:/usr/local/bin:/usr/sbin:/usr/bin:/sbin:/bin:/usr/games:/usr/local/games:/snap/bin
20 verbose lifecycle wss-api@1.0.0~start: CWD: /var/www/wss-api
21 silly lifecycle wss-api@1.0.0~start: Args: [ '-c', 'node bin/www.js' ]
22 silly lifecycle wss-api@1.0.0~start: Returned: code: 1  signal: null
23 info lifecycle wss-api@1.0.0~start: Failed to exec start script
24 verbose stack Error: wss-api@1.0.0 start: `node bin/www.js`
24 verbose stack Exit status 1
24 verbose stack     at EventEmitter.<anonymous> (/usr/share/npm/lib/utils/lifecycle.js:232:16)
24 verbose stack     at emitTwo (events.js:126:13)
24 verbose stack     at EventEmitter.emit (events.js:214:7)
24 verbose stack     at ChildProcess.<anonymous> (/usr/share/npm/lib/utils/spawn.js:24:14)
24 verbose stack     at emitTwo (events.js:126:13)
24 verbose stack     at ChildProcess.emit (events.js:214:7)
24 verbose stack     at maybeClose (internal/child_process.js:925:16)
24 verbose stack     at Process.ChildProcess._handle.onexit (internal/child_process.js:209:5)
25 verbose pkgid wss-api@1.0.0
26 verbose cwd /var/www/wss-api
27 error Linux 4.15.0-1032-aws
28 error argv "/usr/bin/node" "/usr/bin/npm" "restart"
29 error node v8.10.0
30 error npm  v3.5.2
31 error code ELIFECYCLE
32 error wss-api@1.0.0 start: `node bin/www.js`
32 error Exit status 1
33 error Failed at the wss-api@1.0.0 start script 'node bin/www.js'.
33 error Make sure you have the latest version of node.js and npm installed.
33 error If you do, this is most likely a problem with the wss-api package,
33 error not with npm itself.
33 error Tell the author that this fails on your system:
33 error     node bin/www.js
33 error You can get information on how to open an issue for this project with:
33 error     npm bugs wss-api
33 error Or if that isn't available, you can get their info via:
33 error     npm owner ls wss-api
33 error There is likely additional logging output above.
34 verbose exit [ 1, true ]
